PdfGeneratorService initialized at 2/14/2025 8:24:03 AM
Generating PDF for row 0
Data for PDF: Name=Alice Smith
PDF generated, size: 28061 bytes
PDF saved to: C:\Users\samwo\AppData\Local\Temp\Alice_Smith_20250214_082405.pdf
PdfGeneratorService initialized at 2/14/2025 8:26:09 AM
Generating PDF for row 0
Data for PDF: Name=Alice Smith
PDF generated, size: 28061 bytes
PDF saved to: C:\Users\samwo\AppData\Local\Temp\Alice_Smith_20250214_082610.pdf
PdfGeneratorService initialized at 2/19/2025 8:36:22 AM
PdfGeneratorService initialized at 2/19/2025 8:54:51 AM
PdfGeneratorService initialized at 2/19/2025 9:13:06 AM
PdfGeneratorService initialized at 2/19/2025 9:15:10 AM
PdfGeneratorService initialized at 2/19/2025 9:16:28 AM
PdfGeneratorService initialized at 2/19/2025 9:16:54 AM
PdfGeneratorService initialized at 2/19/2025 9:17:43 AM
PdfGeneratorService initialized at 2/19/2025 9:17:46 AM
PdfGeneratorService initialized at 2/19/2025 9:19:35 AM
PdfGeneratorService initialized at 2/19/2025 9:19:38 AM
PdfGeneratorService initialized at 2/19/2025 9:22:04 AM
PdfGeneratorService initialized at 2/19/2025 9:23:52 AM
PdfGeneratorService initialized at 2/19/2025 9:23:56 AM
